<?xml version="1.0" encoding="UTF-8"?>
<testng-results ignored="0" total="1" passed="1" failed="0" skipped="0">
  <reporter-output>
  </reporter-output>
  <suite started-at="2023-05-18T18:24:15 IST" name="Default suite" finished-at="2023-05-18T18:24:30 IST" duration-ms="14966">
    <groups>
    </groups>
    <test started-at="2023-05-18T18:24:15 IST" name="Default test" finished-at="2023-05-18T18:24:30 IST" duration-ms="14966">
      <class name="POM.TestClass">
        <test-method is-config="true" signature="initializeWebDriver()[pri:0, instance:POM.TestClass@7bab3f1a]" started-at="2023-05-18T18:23:12 IST" name="initializeWebDriver" finished-at="2023-05-18T18:24:15 IST" duration-ms="62516" status="PASS">
          <reporter-output>
          </reporter-output>
        </test-method> <!-- initializeWebDriver -->
        <test-method signature="init()[pri:0, instance:POM.TestClass@7bab3f1a]" started-at="2023-05-18T18:24:15 IST" name="init" finished-at="2023-05-18T18:24:30 IST" duration-ms="14874" status="PASS">
          <reporter-output>
          </reporter-output>
        </test-method> <!-- init -->
        <test-method is-config="true" signature="quitDriver()[pri:0, instance:POM.TestClass@7bab3f1a]" started-at="2023-05-18T18:24:32 IST" name="quitDriver" finished-at="2023-05-18T18:24:34 IST" duration-ms="1915" status="PASS">
          <reporter-output>
          </reporter-output>
        </test-method> <!-- quitDriver -->
      </class> <!-- POM.TestClass -->
    </test> <!-- Default test -->
  </suite> <!-- Default suite -->
</testng-results>
